<?xml version="1.0" encoding="UTF-8"?>
<testng-results ignored="0" total="1" passed="1" failed="0" skipped="0">
  <reporter-output>
  </reporter-output>
  <suite started-at="2024-08-24T18:43:29 IST" name="Default suite" finished-at="2024-08-24T18:44:09 IST" duration-ms="40125">
    <groups>
    </groups>
    <test started-at="2024-08-24T18:43:29 IST" name="Default test" finished-at="2024-08-24T18:44:09 IST" duration-ms="40125">
      <class name="MachinTest.Actiontestcases">
        <test-method is-config="true" signature="setUP()[pri:0, instance:MachinTest.Actiontestcases@4b0d79fc]" started-at="2024-08-24T18:43:29 IST" name="setUP" finished-at="2024-08-24T18:43:35 IST" duration-ms="6200" status="PASS">
          <reporter-output>
          </reporter-output>
        </test-method> <!-- setUP -->
        <test-method signature="radiobutton()[pri:0, instance:MachinTest.Actiontestcases@4b0d79fc]" started-at="2024-08-24T18:43:35 IST" name="radiobutton" finished-at="2024-08-24T18:44:08 IST" duration-ms="32675" status="PASS">
          <reporter-output>
          </reporter-output>
        </test-method> <!-- radiobutton -->
        <test-method is-config="true" signature="quite()[pri:0, instance:MachinTest.Actiontestcases@4b0d79fc]" started-at="2024-08-24T18:44:08 IST" name="quite" finished-at="2024-08-24T18:44:09 IST" duration-ms="1183" status="PASS">
          <reporter-output>
          </reporter-output>
        </test-method> <!-- quite -->
      </class> <!-- MachinTest.Actiontestcases -->
    </test> <!-- Default test -->
  </suite> <!-- Default suite -->
</testng-results>
